# JRE version: OpenJDK Runtime Environment Zulu11.66+19-CA (11.0.20.1+1) (build 11.0.20.1+1-LTS)
# Java VM: OpenJDK 64-Bit Server VM Zulu11.66+19-CA (11.0.20.1+1-LTS, mixed mode, tiered, compressed oops, g1 gc, windows-amd64)
Heap:
 garbage-first heap   total 86016K, used 41363K [0x0000000702600000, 0x0000000800000000)
  region size 1024K, 15 young (15360K), 4 survivors (4096K)
 Metaspace       used 72926K, capacity 75538K, committed 75784K, reserved 1116160K
  class space    used 9117K, capacity 10125K, committed 10240K, reserved 1048576K
GC Heap History (20 events):
Event: 1570.651 GC heap before
{Heap before GC invocations=38 (full 7):
 garbage-first heap   total 86016K, used 66995K [0x0000000702600000, 0x0000000800000000)
  region size 1024K, 42 young (43008K), 3 survivors (3072K)
 Metaspace       used 72139K, capacity 74683K, committed 74888K, reserved 1114112K
  class space    used 9055K, capacity 10037K, committed 10112K, reserved 1048576K
}
Event: 1570.654 GC heap after
{Heap after GC invocations=39 (full 7):
 garbage-first heap   total 86016K, used 28713K [0x0000000702600000, 0x0000000800000000)
  region size 1024K, 5 young (5120K), 5 survivors (5120K)
 Metaspace       used 72139K, capacity 74683K, committed 74888K, reserved 1114112K
  class space    used 9055K, capacity 10037K, committed 10112K, reserved 1048576K
}
Event: 1570.811 GC heap before
{Heap before GC invocations=39 (full 7):
 garbage-first heap   total 86016K, used 67625K [0x0000000702600000, 0x0000000800000000)
  region size 1024K, 43 young (44032K), 5 survivors (5120K)
 Metaspace       used 72209K, capacity 74759K, committed 74888K, reserved 1114112K
  class space    used 9060K, capacity 10039K, committed 10112K, reserved 1048576K
}
Event: 1570.818 GC heap after
{Heap after GC invocations=40 (full 7):
 garbage-first heap   total 86016K, used 30355K [0x0000000702600000, 0x0000000800000000)
  region size 1024K, 4 young (4096K), 4 survivors (4096K)
 Metaspace       used 72209K, capacity 74759K, committed 74888K, reserved 1114112K
  class space    used 9060K, capacity 10039K, committed 10112K, reserved 1048576K
}
Event: 1635.475 GC heap before
{Heap before GC invocations=40 (full 7):
 garbage-first heap   total 86016K, used 42643K [0x0000000702600000, 0x0000000800000000)
  region size 1024K, 17 young (17408K), 4 survivors (4096K)
 Metaspace       used 72216K, capacity 74771K, committed 74888K, reserved 1114112K
  class space    used 9061K, capacity 10042K, committed 10112K, reserved 1048576K
}
Event: 1635.826 GC heap after
{Heap after GC invocations=41 (full 8):
 garbage-first heap   total 86016K, used 24770K [0x0000000702600000, 0x0000000800000000)
  region size 1024K, 0 young (0K), 0 survivors (0K)
 Metaspace       used 72213K, capacity 74765K, committed 74888K, reserved 1114112K
  class space    used 9060K, capacity 10040K, committed 10112K, reserved 1048576K
}
Event: 1636.404 GC heap before
{Heap before GC invocations=41 (full 8):
 garbage-first heap   total 86016K, used 66754K [0x0000000702600000, 0x0000000800000000)
  region size 1024K, 41 young (41984K), 0 survivors (0K)
 Metaspace       used 72306K, capacity 74949K, committed 75144K, reserved 1114112K
  class space    used 9070K, capacity 10080K, committed 10112K, reserved 1048576K
}
Event: 1636.409 GC heap after
{Heap after GC invocations=42 (full 8):
 garbage-first heap   total 86016K, used 27401K [0x0000000702600000, 0x0000000800000000)
  region size 1024K, 3 young (3072K), 3 survivors (3072K)
 Metaspace       used 72306K, capacity 74949K, committed 75144K, reserved 1114112K
  class space    used 9070K, capacity 10080K, committed 10112K, reserved 1048576K
}
Event: 1636.899 GC heap before
{Heap before GC invocations=42 (full 8):
 garbage-first heap   total 86016K, used 66313K [0x0000000702600000, 0x0000000800000000)
  region size 1024K, 42 young (43008K), 3 survivors (3072K)
 Metaspace       used 72505K, capacity 75083K, committed 75144K, reserved 1114112K
  class space    used 9084K, capacity 10081K, committed 10112K, reserved 1048576K
}
Event: 1636.902 GC heap after
{Heap after GC invocations=43 (full 8):
 garbage-first heap   total 86016K, used 28992K [0x0000000702600000, 0x0000000800000000)
  region size 1024K, 5 young (5120K), 5 survivors (5120K)
 Metaspace       used 72505K, capacity 75083K, committed 75144K, reserved 1114112K
  class space    used 9084K, capacity 10081K, committed 10112K, reserved 1048576K
}
Event: 1637.028 GC heap before
{Heap before GC invocations=43 (full 8):
 garbage-first heap   total 86016K, used 67904K [0x0000000702600000, 0x0000000800000000)
  region size 1024K, 43 young (44032K), 5 survivors (5120K)
 Metaspace       used 72568K, capacity 75147K, committed 75400K, reserved 1114112K
  class space    used 9088K, capacity 10081K, committed 10112K, reserved 1048576K
}
Event: 1637.046 GC heap after
{Heap after GC invocations=44 (full 8):
 garbage-first heap   total 86016K, used 30677K [0x0000000702600000, 0x0000000800000000)
  region size 1024K, 4 young (4096K), 4 survivors (4096K)
 Metaspace       used 72568K, capacity 75147K, committed 75400K, reserved 1114112K
  class space    used 9088K, capacity 10081K, committed 10112K, reserved 1048576K
}
Event: 1639.138 GC heap before
{Heap before GC invocations=44 (full 8):
 garbage-first heap   total 86016K, used 40917K [0x0000000702600000, 0x0000000800000000)
  region size 1024K, 15 young (15360K), 4 survivors (4096K)
 Metaspace       used 72571K, capacity 75153K, committed 75400K, reserved 1114112K
  class space    used 9089K, capacity 10083K, committed 10112K, reserved 1048576K
}
Event: 1639.175 GC heap after
{Heap after GC invocations=45 (full 9):
 garbage-first heap   total 86016K, used 25090K [0x0000000702600000, 0x0000000800000000)
  region size 1024K, 0 young (0K), 0 survivors (0K)
 Metaspace       used 72568K, capacity 75147K, committed 75400K, reserved 1114112K
  class space    used 9088K, capacity 10081K, committed 10112K, reserved 1048576K
}
Event: 1639.397 GC heap before
{Heap before GC invocations=45 (full 9):
 garbage-first heap   total 86016K, used 68098K [0x0000000702600000, 0x0000000800000000)
  region size 1024K, 42 young (43008K), 0 survivors (0K)
 Metaspace       used 72660K, capacity 75331K, committed 75528K, reserved 1114112K
  class space    used 9098K, capacity 10121K, committed 10240K, reserved 1048576K
}
Event: 1639.399 GC heap after
{Heap after GC invocations=46 (full 9):
 garbage-first heap   total 86016K, used 27934K [0x0000000702600000, 0x0000000800000000)
  region size 1024K, 3 young (3072K), 3 survivors (3072K)
 Metaspace       used 72660K, capacity 75331K, committed 75528K, reserved 1114112K
  class space    used 9098K, capacity 10121K, committed 10240K, reserved 1048576K
}
Event: 1639.775 GC heap before
{Heap before GC invocations=46 (full 9):
 garbage-first heap   total 86016K, used 67870K [0x0000000702600000, 0x0000000800000000)
  region size 1024K, 42 young (43008K), 3 survivors (3072K)
 Metaspace       used 72860K, capacity 75468K, committed 75784K, reserved 1116160K
  class space    used 9113K, capacity 10123K, committed 10240K, reserved 1048576K
}
Event: 1639.777 GC heap after
{Heap after GC invocations=47 (full 9):
 garbage-first heap   total 86016K, used 29381K [0x0000000702600000, 0x0000000800000000)
  region size 1024K, 5 young (5120K), 5 survivors (5120K)
 Metaspace       used 72860K, capacity 75468K, committed 75784K, reserved 1116160K
  class space    used 9113K, capacity 10123K, committed 10240K, reserved 1048576K
}
Event: 1640.012 GC heap before
{Heap before GC invocations=47 (full 9):
 garbage-first heap   total 86016K, used 68293K [0x0000000702600000, 0x0000000800000000)
  region size 1024K, 43 young (44032K), 5 survivors (5120K)
 Metaspace       used 72923K, capacity 75532K, committed 75784K, reserved 1116160K
  class space    used 9116K, capacity 10123K, committed 10240K, reserved 1048576K
}
Event: 1640.017 GC heap after
{Heap after GC invocations=48 (full 9):
 garbage-first heap   total 86016K, used 31123K [0x0000000702600000, 0x0000000800000000)
  region size 1024K, 4 young (4096K), 4 survivors (4096K)
 Metaspace       used 72923K, capacity 75532K, committed 75784K, reserved 1116160K
  class space    used 9116K, capacity 10123K, committed 10240K, reserved 1048576K
}

